<?xml version="1.0" encoding="UTF-8"?>
<robot generator="Robot 6.1.1 (Python 3.11.5 on win32)" generated="20230829 17:48:47.876" rpa="false" schemaversion="4">
<suite id="s1" name="BTVN buoi1 bai3" source="D:\auto\BTVN_buoi1_bai3.robot">
<test id="s1-t1" name="[AUTO_02] bai3" line="5">
<kw name="Truy cập google.com">
<kw name="Open Browser" library="SeleniumLibrary">
<arg>https://www.google.com/</arg>
<arg>chrome</arg>
<doc>Opens a new browser instance to the optional ``url``.</doc>
<msg timestamp="20230829 17:48:48.027" level="INFO">Opening browser 'chrome' to base url 'https://www.google.com/'.</msg>
<status status="PASS" starttime="20230829 17:48:48.027" endtime="20230829 17:48:52.590"/>
</kw>
<kw name="Maximize Browser Window" library="SeleniumLibrary">
<doc>Maximizes current browser window.</doc>
<status status="PASS" starttime="20230829 17:48:52.590" endtime="20230829 17:48:52.703"/>
</kw>
<status status="PASS" starttime="20230829 17:48:48.027" endtime="20230829 17:48:52.703"/>
</kw>
<kw name="Tìm kiếm từ khóa &quot;MSB&quot;">
<kw name="Input Text" library="SeleniumLibrary">
<arg>//textarea[@id='APjFqb']</arg>
<arg>MSB</arg>
<doc>Types the given ``text`` into the text field identified by ``locator``.</doc>
<msg timestamp="20230829 17:48:52.706" level="INFO">Typing text 'MSB' into text field '//textarea[@id='APjFqb']'.</msg>
<status status="PASS" starttime="20230829 17:48:52.705" endtime="20230829 17:48:52.765"/>
</kw>
<status status="PASS" starttime="20230829 17:48:52.704" endtime="20230829 17:48:52.766"/>
</kw>
<kw name="Sleep" library="BuiltIn">
<arg>5s</arg>
<doc>Pauses the test executed for the given time.</doc>
<msg timestamp="20230829 17:48:57.767" level="INFO">Slept 5 seconds</msg>
<status status="PASS" starttime="20230829 17:48:52.766" endtime="20230829 17:48:57.767"/>
</kw>
<kw name="Click vào gợi ý đầu tiên">
<kw name="Wait Until Element Is Visible" library="SeleniumLibrary">
<arg>//div[@id="jZ2SBf"]</arg>
<doc>Waits until the element ``locator`` is visible.</doc>
<status status="PASS" starttime="20230829 17:48:57.769" endtime="20230829 17:48:57.797"/>
</kw>
<kw name="Click Element" library="SeleniumLibrary">
<arg>//div[@id="jZ2SBf"]</arg>
<doc>Click the element identified by ``locator``.</doc>
<msg timestamp="20230829 17:48:57.798" level="INFO">Clicking element '//div[@id="jZ2SBf"]'.</msg>
<status status="PASS" starttime="20230829 17:48:57.797" endtime="20230829 17:48:57.960"/>
</kw>
<status status="PASS" starttime="20230829 17:48:57.768" endtime="20230829 17:48:57.960"/>
</kw>
<kw name="Sleep" library="BuiltIn">
<arg>5s</arg>
<doc>Pauses the test executed for the given time.</doc>
<msg timestamp="20230829 17:49:02.963" level="INFO">Slept 5 seconds</msg>
<status status="PASS" starttime="20230829 17:48:57.961" endtime="20230829 17:49:02.963"/>
</kw>
<kw name="Click vào kết quả tìm kiếm đầu tiên">
<kw name="Wait Until Element Is Visible" library="SeleniumLibrary">
<arg>//div[@id="rso"]/div[1]//a//h3[text()='MSB']</arg>
<doc>Waits until the element ``locator`` is visible.</doc>
<status status="PASS" starttime="20230829 17:49:02.964" endtime="20230829 17:49:02.984"/>
</kw>
<kw name="Click Element" library="SeleniumLibrary">
<arg>//div[@id="rso"]/div[1]//a//h3[text()='MSB']</arg>
<doc>Click the element identified by ``locator``.</doc>
<msg timestamp="20230829 17:49:02.985" level="INFO">Clicking element '//div[@id="rso"]/div[1]//a//h3[text()='MSB']'.</msg>
<status status="PASS" starttime="20230829 17:49:02.984" endtime="20230829 17:49:17.574"/>
</kw>
<status status="PASS" starttime="20230829 17:49:02.964" endtime="20230829 17:49:17.574"/>
</kw>
<kw name="Sleep" library="BuiltIn">
<arg>5s</arg>
<doc>Pauses the test executed for the given time.</doc>
<msg timestamp="20230829 17:49:22.575" level="INFO">Slept 5 seconds</msg>
<status status="PASS" starttime="20230829 17:49:17.575" endtime="20230829 17:49:22.575"/>
</kw>
<kw name="Tắt Popup">
<kw name="Wait Until Element Is Visible" library="SeleniumLibrary">
<arg>//div[@id="fragment-34202-joci"]/div/div/div/span</arg>
<doc>Waits until the element ``locator`` is visible.</doc>
<status status="PASS" starttime="20230829 17:49:22.576" endtime="20230829 17:49:22.602"/>
</kw>
<kw name="Click Element" library="SeleniumLibrary">
<arg>//div[@id="fragment-34202-joci"]/div/div/div/span</arg>
<doc>Click the element identified by ``locator``.</doc>
<msg timestamp="20230829 17:49:22.602" level="INFO">Clicking element '//div[@id="fragment-34202-joci"]/div/div/div/span'.</msg>
<status status="PASS" starttime="20230829 17:49:22.602" endtime="20230829 17:49:22.632"/>
</kw>
<status status="PASS" starttime="20230829 17:49:22.576" endtime="20230829 17:49:22.632"/>
</kw>
<kw name="Sleep" library="BuiltIn">
<arg>5s</arg>
<doc>Pauses the test executed for the given time.</doc>
<msg timestamp="20230829 17:49:27.632" level="INFO">Slept 5 seconds</msg>
<status status="PASS" starttime="20230829 17:49:22.632" endtime="20230829 17:49:27.632"/>
</kw>
<kw name="Verify trang có chứa &quot;Chọn thẻ phù hợp với bạn&quot;">
<kw name="Wait Until Element Is Visible" library="SeleniumLibrary">
<arg>//div[contains(text(),'Chọn thẻ phù hợp với bạn')]</arg>
<doc>Waits until the element ``locator`` is visible.</doc>
<status status="PASS" starttime="20230829 17:49:27.632" endtime="20230829 17:49:27.646"/>
</kw>
<status status="PASS" starttime="20230829 17:49:27.632" endtime="20230829 17:49:27.646"/>
</kw>
<doc>bai3</doc>
<tag>bai3_tag</tag>
<status status="PASS" starttime="20230829 17:48:48.026" endtime="20230829 17:49:27.646"/>
</test>
<status status="PASS" starttime="20230829 17:48:47.877" endtime="20230829 17:49:27.647"/>
</suite>
<statistics>
<total>
<stat pass="1" fail="0" skip="0">All Tests</stat>
</total>
<tag>
<stat pass="1" fail="0" skip="0">bai3_tag</stat>
</tag>
<suite>
<stat pass="1" fail="0" skip="0" id="s1" name="BTVN buoi1 bai3">BTVN buoi1 bai3</stat>
</suite>
</statistics>
<errors>
</errors>
</robot>
