<?xml version="1.0" encoding="UTF-8"?>
<robot generator="Robot 6.1.1 (Python 3.11.5 on win32)" generated="20230829 17:44:56.114" rpa="false" schemaversion="4">
<suite id="s1" name="Auto" source="D:\auto">
<suite id="s1-s1" name="BTVN buoi1 bai3" source="D:\auto\BTVN_buoi1_bai3.robot">
<test id="s1-s1-t1" name="[AUTO_02] bai3" line="5">
<kw name="Truy cập google.com">
<kw name="Open Browser" library="SeleniumLibrary">
<arg>https://www.google.com/</arg>
<arg>chrome</arg>
<doc>Opens a new browser instance to the optional ``url``.</doc>
<msg timestamp="20230829 17:44:56.269" level="INFO">Opening browser 'chrome' to base url 'https://www.google.com/'.</msg>
<status status="PASS" starttime="20230829 17:44:56.268" endtime="20230829 17:45:03.500"/>
</kw>
<kw name="Maximize Browser Window" library="SeleniumLibrary">
<doc>Maximizes current browser window.</doc>
<status status="PASS" starttime="20230829 17:45:03.500" endtime="20230829 17:45:03.611"/>
</kw>
<status status="PASS" starttime="20230829 17:44:56.268" endtime="20230829 17:45:03.611"/>
</kw>
<kw name="Tìm kiếm từ khóa &quot;MSB&quot;">
<kw name="Input Text" library="SeleniumLibrary">
<arg>//textarea[@id='APjFqb']</arg>
<arg>MSB</arg>
<doc>Types the given ``text`` into the text field identified by ``locator``.</doc>
<msg timestamp="20230829 17:45:03.614" level="INFO">Typing text 'MSB' into text field '//textarea[@id='APjFqb']'.</msg>
<status status="PASS" starttime="20230829 17:45:03.613" endtime="20230829 17:45:03.676"/>
</kw>
<status status="PASS" starttime="20230829 17:45:03.612" endtime="20230829 17:45:03.676"/>
</kw>
<kw name="Sleep" library="BuiltIn">
<arg>5s</arg>
<doc>Pauses the test executed for the given time.</doc>
<msg timestamp="20230829 17:45:08.678" level="INFO">Slept 5 seconds</msg>
<status status="PASS" starttime="20230829 17:45:03.677" endtime="20230829 17:45:08.678"/>
</kw>
<kw name="Click vào gợi ý đầu tiên">
<kw name="Wait Until Element Is Visible" library="SeleniumLibrary">
<arg>//div[@id="jZ2SBf"]</arg>
<doc>Waits until the element ``locator`` is visible.</doc>
<status status="PASS" starttime="20230829 17:45:08.682" endtime="20230829 17:45:08.709"/>
</kw>
<kw name="Click Element" library="SeleniumLibrary">
<arg>//div[@id="jZ2SBf"]</arg>
<doc>Click the element identified by ``locator``.</doc>
<msg timestamp="20230829 17:45:08.710" level="INFO">Clicking element '//div[@id="jZ2SBf"]'.</msg>
<status status="PASS" starttime="20230829 17:45:08.710" endtime="20230829 17:45:08.899"/>
</kw>
<status status="PASS" starttime="20230829 17:45:08.681" endtime="20230829 17:45:08.900"/>
</kw>
<kw name="Sleep" library="BuiltIn">
<arg>5s</arg>
<doc>Pauses the test executed for the given time.</doc>
<msg timestamp="20230829 17:45:13.902" level="INFO">Slept 5 seconds</msg>
<status status="PASS" starttime="20230829 17:45:08.901" endtime="20230829 17:45:13.902"/>
</kw>
<kw name="Click vào kết quả tìm kiếm đầu tiên">
<kw name="Wait Until Element Is Visible" library="SeleniumLibrary">
<arg>//div[@id="rso"]/div[1]//a//h3[text()='MSB']</arg>
<doc>Waits until the element ``locator`` is visible.</doc>
<status status="PASS" starttime="20230829 17:45:13.903" endtime="20230829 17:45:13.918"/>
</kw>
<kw name="Click Element" library="SeleniumLibrary">
<arg>//div[@id="rso"]/div[1]//a//h3[text()='MSB']</arg>
<doc>Click the element identified by ``locator``.</doc>
<msg timestamp="20230829 17:45:13.919" level="INFO">Clicking element '//div[@id="rso"]/div[1]//a//h3[text()='MSB']'.</msg>
<status status="PASS" starttime="20230829 17:45:13.918" endtime="20230829 17:45:27.843"/>
</kw>
<status status="PASS" starttime="20230829 17:45:13.903" endtime="20230829 17:45:27.843"/>
</kw>
<kw name="Sleep" library="BuiltIn">
<arg>5s</arg>
<doc>Pauses the test executed for the given time.</doc>
<msg timestamp="20230829 17:45:32.844" level="INFO">Slept 5 seconds</msg>
<status status="PASS" starttime="20230829 17:45:27.844" endtime="20230829 17:45:32.844"/>
</kw>
<kw name="Tắt Popup">
<kw name="Wait Until Element Is Visible" library="SeleniumLibrary">
<arg>//div[@id="fragment-34202-joci"]/div/div/div/span</arg>
<doc>Waits until the element ``locator`` is visible.</doc>
<status status="PASS" starttime="20230829 17:45:32.849" endtime="20230829 17:45:32.875"/>
</kw>
<kw name="Click Element" library="SeleniumLibrary">
<arg>//div[@id="fragment-34202-joci"]/div/div/div/span</arg>
<doc>Click the element identified by ``locator``.</doc>
<msg timestamp="20230829 17:45:32.876" level="INFO">Clicking element '//div[@id="fragment-34202-joci"]/div/div/div/span'.</msg>
<status status="PASS" starttime="20230829 17:45:32.875" endtime="20230829 17:45:32.910"/>
</kw>
<status status="PASS" starttime="20230829 17:45:32.849" endtime="20230829 17:45:32.910"/>
</kw>
<kw name="Sleep" library="BuiltIn">
<arg>5s</arg>
<doc>Pauses the test executed for the given time.</doc>
<msg timestamp="20230829 17:45:37.912" level="INFO">Slept 5 seconds</msg>
<status status="PASS" starttime="20230829 17:45:32.910" endtime="20230829 17:45:37.912"/>
</kw>
<doc>bai3</doc>
<tag>bai3_tag</tag>
<status status="PASS" starttime="20230829 17:44:56.267" endtime="20230829 17:45:37.914"/>
</test>
<status status="PASS" starttime="20230829 17:44:56.134" endtime="20230829 17:45:37.917"/>
</suite>
<status status="PASS" starttime="20230829 17:44:56.118" endtime="20230829 17:45:37.918"/>
</suite>
<statistics>
<total>
<stat pass="1" fail="0" skip="0">All Tests</stat>
</total>
<tag>
<stat pass="1" fail="0" skip="0">bai3_tag</stat>
</tag>
<suite>
<stat pass="1" fail="0" skip="0" id="s1" name="Auto">Auto</stat>
<stat pass="1" fail="0" skip="0" id="s1-s1" name="BTVN buoi1 bai3">Auto.BTVN buoi1 bai3</stat>
</suite>
</statistics>
<errors>
</errors>
</robot>
